<?xml version="1.0" encoding="UTF-8"?>
<coverage generated="1773304367267" clover="3.2.0">
  <project timestamp="1773304367267" name="All files">
    <metrics statements="22" coveredstatements="22" conditionals="14" coveredconditionals="11" methods="18" coveredmethods="18" elements="54" coveredelements="51" complexity="0" loc="22" ncloc="22" packages="5" files="5" classes="5"/>
    <package name="components.Header">
      <metrics statements="3" coveredstatements="3" conditionals="6" coveredconditionals="5" methods="2" coveredmethods="2"/>
      <file name="Header.jsx" path="C:\Users\olena\coffee-shop\src\components\Header\Header.jsx">
        <metrics statements="3" coveredstatements="3" conditionals="6" coveredconditionals="5" methods="2" coveredmethods="2"/>
        <line num="5" count="3" type="stmt"/>
        <line num="6" count="9" type="stmt"/>
        <line num="8" count="3" type="stmt"/>
      </file>
    </package>
    <package name="components.ProductCard">
      <metrics statements="2" coveredstatements="2" conditionals="0" coveredconditionals="0" methods="2" coveredmethods="2"/>
      <file name="ProductCard.jsx" path="C:\Users\olena\coffee-shop\src\components\ProductCard\ProductCard.jsx">
        <metrics statements="2" coveredstatements="2" conditionals="0" coveredconditionals="0" methods="2" coveredmethods="2"/>
        <line num="4" count="2" type="stmt"/>
        <line num="11" count="1" type="stmt"/>
      </file>
    </package>
    <package name="components.RandomCoffee">
      <metrics statements="1" coveredstatements="1" conditionals="0" coveredconditionals="0" methods="1" coveredmethods="1"/>
      <file name="RandomCoffee.jsx" path="C:\Users\olena\coffee-shop\src\components\RandomCoffee\RandomCoffee.jsx">
        <metrics statements="1" coveredstatements="1" conditionals="0" coveredconditionals="0" methods="1" coveredmethods="1"/>
        <line num="3" count="1" type="stmt"/>
      </file>
    </package>
    <package name="components.WhyUs">
      <metrics statements="1" coveredstatements="1" conditionals="0" coveredconditionals="0" methods="1" coveredmethods="1"/>
      <file name="WhyUs.jsx" path="C:\Users\olena\coffee-shop\src\components\WhyUs\WhyUs.jsx">
        <metrics statements="1" coveredstatements="1" conditionals="0" coveredconditionals="0" methods="1" coveredmethods="1"/>
        <line num="4" count="1" type="stmt"/>
      </file>
    </package>
    <package name="pages.CartPage">
      <metrics statements="15" coveredstatements="15" conditionals="8" coveredconditionals="6" methods="12" coveredmethods="12"/>
      <file name="CartPage.jsx" path="C:\Users\olena\coffee-shop\src\pages\CartPage\CartPage.jsx">
        <metrics statements="15" coveredstatements="15" conditionals="8" coveredconditionals="6" methods="12" coveredmethods="12"/>
        <line num="5" count="6" type="stmt"/>
        <line num="6" count="1" type="stmt"/>
        <line num="9" count="6" type="stmt"/>
        <line num="10" count="1" type="stmt"/>
        <line num="11" count="1" type="cond" truecount="1" falsecount="1"/>
        <line num="15" count="6" type="stmt"/>
        <line num="16" count="1" type="stmt"/>
        <line num="17" count="1" type="cond" truecount="3" falsecount="1"/>
        <line num="23" count="6" type="stmt"/>
        <line num="24" count="6" type="stmt"/>
        <line num="28" count="6" type="stmt"/>
        <line num="36" count="6" type="stmt"/>
        <line num="42" count="1" type="stmt"/>
        <line num="44" count="1" type="stmt"/>
        <line num="48" count="1" type="stmt"/>
      </file>
    </package>
  </project>
</coverage>
