{"C:\\Users\\olena\\coffee-shop\\src\\components\\Header\\Header.jsx": {"path":"C:\\Users\\olena\\coffee-shop\\src\\components\\Header\\Header.jsx","statementMap":{"0":{"start":{"line":5,"column":19},"end":{"line":5,"column":32}},"1":{"start":{"line":6,"column":19},"end":{"line":6,"column":55}},"2":{"start":{"line":6,"column":29},"end":{"line":6,"column":55}},"3":{"start":{"line":8,"column":2},"end":{"line":17,"column":4}}},"fnMap":{"0":{"name":"Header","decl":{"start":{"line":4,"column":24},"end":{"line":4,"column":30}},"loc":{"start":{"line":4,"column":33},"end":{"line":18,"column":1}},"line":4},"1":{"name":"(anonymous_1)","decl":{"start":{"line":6,"column":19},"end":{"line":6,"column":20}},"loc":{"start":{"line":6,"column":29},"end":{"line":6,"column":55}},"line":6}},"branchMap":{"0":{"loc":{"start":{"line":12,"column":25},"end":{"line":12,"column":54}},"type":"cond-expr","locations":[{"start":{"line":12,"column":41},"end":{"line":12,"column":49}},{"start":{"line":12,"column":52},"end":{"line":12,"column":54}}],"line":12},"1":{"loc":{"start":{"line":13,"column":25},"end":{"line":13,"column":61}},"type":"cond-expr","locations":[{"start":{"line":13,"column":48},"end":{"line":13,"column":56}},{"start":{"line":13,"column":59},"end":{"line":13,"column":61}}],"line":13},"2":{"loc":{"start":{"line":14,"column":25},"end":{"line":14,"column":58}},"type":"cond-expr","locations":[{"start":{"line":14,"column":45},"end":{"line":14,"column":53}},{"start":{"line":14,"column":56},"end":{"line":14,"column":58}}],"line":14}},"s":{"0":3,"1":3,"2":9,"3":3},"f":{"0":3,"1":9},"b":{"0":[2,1],"1":[1,2],"2":[0,3]},"_coverageSchema":"1a1c01bbd47fc00a2c39e90264f33305004495a9","hash":"d9dbd84cfd6406e5c9e5e78fab745a50432ec8fd"}
,"C:\\Users\\olena\\coffee-shop\\src\\components\\ProductCard\\ProductCard.jsx": {"path":"C:\\Users\\olena\\coffee-shop\\src\\components\\ProductCard\\ProductCard.jsx","statementMap":{"0":{"start":{"line":4,"column":2},"end":{"line":16,"column":4}},"1":{"start":{"line":11,"column":29},"end":{"line":11,"column":47}}},"fnMap":{"0":{"name":"ProductCard","decl":{"start":{"line":3,"column":24},"end":{"line":3,"column":35}},"loc":{"start":{"line":3,"column":60},"end":{"line":17,"column":1}},"line":3},"1":{"name":"(anonymous_1)","decl":{"start":{"line":11,"column":23},"end":{"line":11,"column":24}},"loc":{"start":{"line":11,"column":29},"end":{"line":11,"column":47}},"line":11}},"branchMap":{},"s":{"0":2,"1":1},"f":{"0":2,"1":1},"b":{},"_coverageSchema":"1a1c01bbd47fc00a2c39e90264f33305004495a9","hash":"b12fb2d960996fb67ec74f0d9a19d33f1beaeeee"}
,"C:\\Users\\olena\\coffee-shop\\src\\components\\RandomCoffee\\RandomCoffee.jsx": {"path":"C:\\Users\\olena\\coffee-shop\\src\\components\\RandomCoffee\\RandomCoffee.jsx","statementMap":{"0":{"start":{"line":3,"column":4},"end":{"line":13,"column":5}}},"fnMap":{"0":{"name":"RandomCoffee","decl":{"start":{"line":2,"column":24},"end":{"line":2,"column":36}},"loc":{"start":{"line":2,"column":46},"end":{"line":14,"column":1}},"line":2}},"branchMap":{},"s":{"0":1},"f":{"0":1},"b":{},"_coverageSchema":"1a1c01bbd47fc00a2c39e90264f33305004495a9","hash":"e455e41b259e57d1296fce30510c160e59d19bb9"}
,"C:\\Users\\olena\\coffee-shop\\src\\components\\WhyUs\\WhyUs.jsx": {"path":"C:\\Users\\olena\\coffee-shop\\src\\components\\WhyUs\\WhyUs.jsx","statementMap":{"0":{"start":{"line":4,"column":2},"end":{"line":22,"column":4}}},"fnMap":{"0":{"name":"WhyUs","decl":{"start":{"line":3,"column":24},"end":{"line":3,"column":29}},"loc":{"start":{"line":3,"column":32},"end":{"line":23,"column":1}},"line":3}},"branchMap":{},"s":{"0":1},"f":{"0":1},"b":{},"_coverageSchema":"1a1c01bbd47fc00a2c39e90264f33305004495a9","hash":"302b7031e9a39af1f53c4de6a44fb04c73f74af3"}
,"C:\\Users\\olena\\coffee-shop\\src\\pages\\CartPage\\CartPage.jsx": {"path":"C:\\Users\\olena\\coffee-shop\\src\\pages\\CartPage\\CartPage.jsx","statementMap":{"0":{"start":{"line":5,"column":23},"end":{"line":7,"column":3}},"1":{"start":{"line":6,"column":4},"end":{"line":6,"column":59}},"2":{"start":{"line":6,"column":42},"end":{"line":6,"column":56}},"3":{"start":{"line":9,"column":25},"end":{"line":13,"column":3}},"4":{"start":{"line":10,"column":4},"end":{"line":12,"column":7}},"5":{"start":{"line":11,"column":6},"end":{"line":11,"column":70}},"6":{"start":{"line":15,"column":25},"end":{"line":21,"column":3}},"7":{"start":{"line":16,"column":4},"end":{"line":20,"column":7}},"8":{"start":{"line":17,"column":6},"end":{"line":19,"column":14}},"9":{"start":{"line":23,"column":21},"end":{"line":26,"column":3}},"10":{"start":{"line":24,"column":19},"end":{"line":24,"column":51}},"11":{"start":{"line":28,"column":2},"end":{"line":62,"column":4}},"12":{"start":{"line":36,"column":12},"end":{"line":53,"column":18}},"13":{"start":{"line":42,"column":41},"end":{"line":42,"column":64}},"14":{"start":{"line":44,"column":41},"end":{"line":44,"column":64}},"15":{"start":{"line":48,"column":33},"end":{"line":48,"column":54}}},"fnMap":{"0":{"name":"CartPage","decl":{"start":{"line":3,"column":24},"end":{"line":3,"column":32}},"loc":{"start":{"line":3,"column":62},"end":{"line":63,"column":1}},"line":3},"1":{"name":"(anonymous_1)","decl":{"start":{"line":5,"column":23},"end":{"line":5,"column":24}},"loc":{"start":{"line":5,"column":31},"end":{"line":7,"column":3}},"line":5},"2":{"name":"(anonymous_2)","decl":{"start":{"line":6,"column":34},"end":{"line":6,"column":35}},"loc":{"start":{"line":6,"column":42},"end":{"line":6,"column":56}},"line":6},"3":{"name":"(anonymous_3)","decl":{"start":{"line":9,"column":25},"end":{"line":9,"column":26}},"loc":{"start":{"line":9,"column":33},"end":{"line":13,"column":3}},"line":9},"4":{"name":"(anonymous_4)","decl":{"start":{"line":10,"column":31},"end":{"line":10,"column":32}},"loc":{"start":{"line":11,"column":6},"end":{"line":11,"column":70}},"line":11},"5":{"name":"(anonymous_5)","decl":{"start":{"line":15,"column":25},"end":{"line":15,"column":26}},"loc":{"start":{"line":15,"column":33},"end":{"line":21,"column":3}},"line":15},"6":{"name":"(anonymous_6)","decl":{"start":{"line":16,"column":31},"end":{"line":16,"column":32}},"loc":{"start":{"line":17,"column":6},"end":{"line":19,"column":14}},"line":17},"7":{"name":"(anonymous_7)","decl":{"start":{"line":24,"column":4},"end":{"line":24,"column":5}},"loc":{"start":{"line":24,"column":19},"end":{"line":24,"column":51}},"line":24},"8":{"name":"(anonymous_8)","decl":{"start":{"line":35,"column":25},"end":{"line":35,"column":26}},"loc":{"start":{"line":36,"column":12},"end":{"line":53,"column":18}},"line":36},"9":{"name":"(anonymous_9)","decl":{"start":{"line":42,"column":35},"end":{"line":42,"column":36}},"loc":{"start":{"line":42,"column":41},"end":{"line":42,"column":64}},"line":42},"10":{"name":"(anonymous_10)","decl":{"start":{"line":44,"column":35},"end":{"line":44,"column":36}},"loc":{"start":{"line":44,"column":41},"end":{"line":44,"column":64}},"line":44},"11":{"name":"(anonymous_11)","decl":{"start":{"line":48,"column":27},"end":{"line":48,"column":28}},"loc":{"start":{"line":48,"column":33},"end":{"line":48,"column":54}},"line":48}},"branchMap":{"0":{"loc":{"start":{"line":11,"column":6},"end":{"line":11,"column":70}},"type":"cond-expr","locations":[{"start":{"line":11,"column":23},"end":{"line":11,"column":63}},{"start":{"line":11,"column":66},"end":{"line":11,"column":70}}],"line":11},"1":{"loc":{"start":{"line":17,"column":6},"end":{"line":19,"column":14}},"type":"cond-expr","locations":[{"start":{"line":18,"column":10},"end":{"line":18,"column":50}},{"start":{"line":19,"column":10},"end":{"line":19,"column":14}}],"line":17},"2":{"loc":{"start":{"line":17,"column":6},"end":{"line":17,"column":41}},"type":"binary-expr","locations":[{"start":{"line":17,"column":6},"end":{"line":17,"column":20}},{"start":{"line":17,"column":24},"end":{"line":17,"column":41}}],"line":17},"3":{"loc":{"start":{"line":31,"column":7},"end":{"line":56,"column":7}},"type":"cond-expr","locations":[{"start":{"line":32,"column":8},"end":{"line":32,"column":56}},{"start":{"line":34,"column":8},"end":{"line":55,"column":14}}],"line":31}},"s":{"0":6,"1":1,"2":1,"3":6,"4":1,"5":1,"6":6,"7":1,"8":1,"9":6,"10":6,"11":6,"12":6,"13":1,"14":1,"15":1},"f":{"0":6,"1":1,"2":1,"3":1,"4":1,"5":1,"6":1,"7":6,"8":6,"9":1,"10":1,"11":1},"b":{"0":[1,0],"1":[1,0],"2":[1,1],"3":[1,5]},"_coverageSchema":"1a1c01bbd47fc00a2c39e90264f33305004495a9","hash":"6303baaa76e07403f21a673a9224ba56de4ddbaf"}
}
