TN:
SF:src\components\Header\Header.jsx
FN:4,Header
FN:6,(anonymous_1)
FNF:2
FNH:2
FNDA:3,Header
FNDA:9,(anonymous_1)
DA:5,3
DA:6,9
DA:8,3
LF:3
LH:3
BRDA:12,0,0,2
BRDA:12,0,1,1
BRDA:13,1,0,1
BRDA:13,1,1,2
BRDA:14,2,0,0
BRDA:14,2,1,3
BRF:6
BRH:5
end_of_record
TN:
SF:src\components\ProductCard\ProductCard.jsx
FN:3,ProductCard
FN:11,(anonymous_1)
FNF:2
FNH:2
FNDA:2,ProductCard
FNDA:1,(anonymous_1)
DA:4,2
DA:11,1
LF:2
LH:2
BRF:0
BRH:0
end_of_record
TN:
SF:src\components\RandomCoffee\RandomCoffee.jsx
FN:2,RandomCoffee
FNF:1
FNH:1
FNDA:1,RandomCoffee
DA:3,1
LF:1
LH:1
BRF:0
BRH:0
end_of_record
TN:
SF:src\components\WhyUs\WhyUs.jsx
FN:3,WhyUs
FNF:1
FNH:1
FNDA:1,WhyUs
DA:4,1
LF:1
LH:1
BRF:0
BRH:0
end_of_record
TN:
SF:src\pages\CartPage\CartPage.jsx
FN:3,CartPage
FN:5,(anonymous_1)
FN:6,(anonymous_2)
FN:9,(anonymous_3)
FN:10,(anonymous_4)
FN:15,(anonymous_5)
FN:16,(anonymous_6)
FN:24,(anonymous_7)
FN:35,(anonymous_8)
FN:42,(anonymous_9)
FN:44,(anonymous_10)
FN:48,(anonymous_11)
FNF:12
FNH:12
FNDA:6,CartPage
FNDA:1,(anonymous_1)
FNDA:1,(anonymous_2)
FNDA:1,(anonymous_3)
FNDA:1,(anonymous_4)
FNDA:1,(anonymous_5)
FNDA:1,(anonymous_6)
FNDA:6,(anonymous_7)
FNDA:6,(anonymous_8)
FNDA:1,(anonymous_9)
FNDA:1,(anonymous_10)
FNDA:1,(anonymous_11)
DA:5,6
DA:6,1
DA:9,6
DA:10,1
DA:11,1
DA:15,6
DA:16,1
DA:17,1
DA:23,6
DA:24,6
DA:28,6
DA:36,6
DA:42,1
DA:44,1
DA:48,1
LF:15
LH:15
BRDA:11,0,0,1
BRDA:11,0,1,0
BRDA:17,1,0,1
BRDA:17,1,1,0
BRDA:17,2,0,1
BRDA:17,2,1,1
BRDA:31,3,0,1
BRDA:31,3,1,5
BRF:8
BRH:6
end_of_record
